<?xml version="1.0" encoding="UTF-8" ?>
<testsuites>
  <testsuite errors="0" failures="0" hostname="lubuntu" id="0" name="SampleTest" package="org.rallydev" tests="6" time="0.058" timestamp="2014-03-05T15:32:59">
      <properties>
[...]
</properties>

      <testcase classname="org.rallydev.SampleTest" name="testAdd1" time="0.003" />

      <testcase classname="org.rallydev.SampleTest" name="testAdd2" time="0.0" />

      <testcase classname="org.rallydev.SampleTest" name="testAdd3" time="0.0" />

      <testcase classname="org.rallydev.SampleTest" name="testAdd4" time="0.0" />

      <testcase classname="org.rallydev.SampleTest" name="testAdd5" time="0.0" />

      <testcase classname="org.rallydev.SampleTest" name="testAdd6" time="0.0" />

      <system-out><![CDATA[]]></system-out>

      <system-err><![CDATA[]]></system-err>

  </testsuite>
</testsuites>
